# JRE version: OpenJDK Runtime Environment (8.0_152-b06) (build 1.8.0_152-release-1136-b06)
# Java VM: OpenJDK 64-Bit Server VM (25.152-b06 mixed mode windows-amd64 compressed oops)
Heap:
 PSYoungGen      total 126464K, used 67250K [0x00000000eab00000, 0x00000000f4e80000, 0x0000000100000000)
  eden space 97280K, 69% used [0x00000000eab00000,0x00000000eecac9c8,0x00000000f0a00000)
  from space 29184K, 0% used [0x00000000f0a00000,0x00000000f0a00000,0x00000000f2680000)
  to   space 28160K, 0% used [0x00000000f3300000,0x00000000f3300000,0x00000000f4e80000)
 ParOldGen       total 149504K, used 69203K [0x00000000c0000000, 0x00000000c9200000, 0x00000000eab00000)
  object space 149504K, 46% used [0x00000000c0000000,0x00000000c4394d60,0x00000000c9200000)
 Metaspace       used 80921K, capacity 84256K, committed 84888K, reserved 1122304K
  class space    used 10466K, capacity 11252K, committed 11440K, reserved 1048576K
GC Heap History (10 events):
Event: 273.452 GC heap before
{Heap before GC invocations=33 (full 3):
 PSYoungGen      total 96768K, used 96738K [0x00000000eab00000, 0x00000000f2c00000, 0x0000000100000000)
  eden space 81920K, 100% used [0x00000000eab00000,0x00000000efb00000,0x00000000efb00000)
  from space 14848K, 99% used [0x00000000efb00000,0x00000000f0978a68,0x00000000f0980000)
  to   space 18432K, 0% used [0x00000000f1a00000,0x00000000f1a00000,0x00000000f2c00000)
 ParOldGen       total 90112K, used 40799K [0x00000000c0000000, 0x00000000c5800000, 0x00000000eab00000)
  object space 90112K, 45% used [0x00000000c0000000,0x00000000c27d7dd0,0x00000000c5800000)
 Metaspace       used 65826K, capacity 68476K, committed 68504K, reserved 1107968K
  class space    used 8694K, capacity 9368K, committed 9392K, reserved 1048576K
Event: 273.535 GC heap after
Heap after GC invocations=33 (full 3):
 PSYoungGen      total 108544K, used 8329K [0x00000000eab00000, 0x00000000f2880000, 0x0000000100000000)
  eden space 93696K, 0% used [0x00000000eab00000,0x00000000eab00000,0x00000000f0680000)
  from space 14848K, 56% used [0x00000000f1a00000,0x00000000f2222640,0x00000000f2880000)
  to   space 17408K, 0% used [0x00000000f0680000,0x00000000f0680000,0x00000000f1780000)
 ParOldGen       total 90112K, used 49275K [0x00000000c0000000, 0x00000000c5800000, 0x00000000eab00000)
  object space 90112K, 54% used [0x00000000c0000000,0x00000000c301ee60,0x00000000c5800000)
 Metaspace       used 65826K, capacity 68476K, committed 68504K, reserved 1107968K
  class space    used 8694K, capacity 9368K, committed 9392K, reserved 1048576K
}
Event: 293.936 GC heap before
{Heap before GC invocations=34 (full 3):
 PSYoungGen      total 108544K, used 102025K [0x00000000eab00000, 0x00000000f2880000, 0x0000000100000000)
  eden space 93696K, 100% used [0x00000000eab00000,0x00000000f0680000,0x00000000f0680000)
  from space 14848K, 56% used [0x00000000f1a00000,0x00000000f2222640,0x00000000f2880000)
  to   space 17408K, 0% used [0x00000000f0680000,0x00000000f0680000,0x00000000f1780000)
 ParOldGen       total 90112K, used 49275K [0x00000000c0000000, 0x00000000c5800000, 0x00000000eab00000)
  object space 90112K, 54% used [0x00000000c0000000,0x00000000c301ee60,0x00000000c5800000)
 Metaspace       used 70197K, capacity 72870K, committed 72984K, reserved 1112064K
  class space    used 9217K, capacity 9925K, committed 10032K, reserved 1048576K
Event: 293.959 GC heap after
Heap after GC invocations=34 (full 3):
 PSYoungGen      total 111104K, used 17393K [0x00000000eab00000, 0x00000000f3b00000, 0x0000000100000000)
  eden space 93696K, 0% used [0x00000000eab00000,0x00000000eab00000,0x00000000f0680000)
  from space 17408K, 99% used [0x00000000f0680000,0x00000000f177c468,0x00000000f1780000)
  to   space 20992K, 0% used [0x00000000f2680000,0x00000000f2680000,0x00000000f3b00000)
 ParOldGen       total 90112K, used 51350K [0x00000000c0000000, 0x00000000c5800000, 0x00000000eab00000)
  object space 90112K, 56% used [0x00000000c0000000,0x00000000c3225a80,0x00000000c5800000)
 Metaspace       used 70197K, capacity 72870K, committed 72984K, reserved 1112064K
  class space    used 9217K, capacity 9925K, committed 10032K, reserved 1048576K
}
Event: 302.362 GC heap before
{Heap before GC invocations=35 (full 3):
 PSYoungGen      total 111104K, used 111089K [0x00000000eab00000, 0x00000000f3b00000, 0x0000000100000000)
  eden space 93696K, 100% used [0x00000000eab00000,0x00000000f0680000,0x00000000f0680000)
  from space 17408K, 99% used [0x00000000f0680000,0x00000000f177c468,0x00000000f1780000)
  to   space 20992K, 0% used [0x00000000f2680000,0x00000000f2680000,0x00000000f3b00000)
 ParOldGen       total 90112K, used 51350K [0x00000000c0000000, 0x00000000c5800000, 0x00000000eab00000)
  object space 90112K, 56% used [0x00000000c0000000,0x00000000c3225a80,0x00000000c5800000)
 Metaspace       used 76533K, capacity 79620K, committed 79896K, reserved 1118208K
  class space    used 10004K, capacity 10770K, committed 10800K, reserved 1048576K
Event: 302.411 GC heap after
Heap after GC invocations=35 (full 3):
 PSYoungGen      total 118272K, used 20987K [0x00000000eab00000, 0x00000000f4b00000, 0x0000000100000000)
  eden space 97280K, 0% used [0x00000000eab00000,0x00000000eab00000,0x00000000f0a00000)
  from space 20992K, 99% used [0x00000000f2680000,0x00000000f3afed90,0x00000000f3b00000)
  to   space 29184K, 0% used [0x00000000f0a00000,0x00000000f0a00000,0x00000000f2680000)
 ParOldGen       total 90112K, used 64500K [0x00000000c0000000, 0x00000000c5800000, 0x00000000eab00000)
  object space 90112K, 71% used [0x00000000c0000000,0x00000000c3efd080,0x00000000c5800000)
 Metaspace       used 76533K, capacity 79620K, committed 79896K, reserved 1118208K
  class space    used 10004K, capacity 10770K, committed 10800K, reserved 1048576K
}
Event: 303.974 GC heap before
{Heap before GC invocations=36 (full 3):
 PSYoungGen      total 118272K, used 118267K [0x00000000eab00000, 0x00000000f4b00000, 0x0000000100000000)
  eden space 97280K, 100% used [0x00000000eab00000,0x00000000f0a00000,0x00000000f0a00000)
  from space 20992K, 99% used [0x00000000f2680000,0x00000000f3afed90,0x00000000f3b00000)
  to   space 29184K, 0% used [0x00000000f0a00000,0x00000000f0a00000,0x00000000f2680000)
 ParOldGen       total 90112K, used 64500K [0x00000000c0000000, 0x00000000c5800000, 0x00000000eab00000)
  object space 90112K, 71% used [0x00000000c0000000,0x00000000c3efd080,0x00000000c5800000)
 Metaspace       used 80968K, capacity 84454K, committed 84632K, reserved 1122304K
  class space    used 10511K, capacity 11345K, committed 11440K, reserved 1048576K
Event: 304.024 GC heap after
Heap after GC invocations=36 (full 3):
 PSYoungGen      total 126464K, used 6219K [0x00000000eab00000, 0x00000000f4e80000, 0x0000000100000000)
  eden space 97280K, 0% used [0x00000000eab00000,0x00000000eab00000,0x00000000f0a00000)
  from space 29184K, 21% used [0x00000000f0a00000,0x00000000f1012f08,0x00000000f2680000)
  to   space 28160K, 0% used [0x00000000f3300000,0x00000000f3300000,0x00000000f4e80000)
 ParOldGen       total 90112K, used 84969K [0x00000000c0000000, 0x00000000c5800000, 0x00000000eab00000)
  object space 90112K, 94% used [0x00000000c0000000,0x00000000c52fa780,0x00000000c5800000)
 Metaspace       used 80968K, capacity 84454K, committed 84632K, reserved 1122304K
  class space    used 10511K, capacity 11345K, committed 11440K, reserved 1048576K
}
Event: 304.025 GC heap before
{Heap before GC invocations=37 (full 4):
 PSYoungGen      total 126464K, used 6219K [0x00000000eab00000, 0x00000000f4e80000, 0x0000000100000000)
  eden space 97280K, 0% used [0x00000000eab00000,0x00000000eab00000,0x00000000f0a00000)
  from space 29184K, 21% used [0x00000000f0a00000,0x00000000f1012f08,0x00000000f2680000)
  to   space 28160K, 0% used [0x00000000f3300000,0x00000000f3300000,0x00000000f4e80000)
 ParOldGen       total 90112K, used 84969K [0x00000000c0000000, 0x00000000c5800000, 0x00000000eab00000)
  object space 90112K, 94% used [0x00000000c0000000,0x00000000c52fa780,0x00000000c5800000)
 Metaspace       used 80968K, capacity 84454K, committed 84632K, reserved 1122304K
  class space    used 10511K, capacity 11345K, committed 11440K, reserved 1048576K
Event: 304.321 GC heap after
Heap after GC invocations=37 (full 4):
 PSYoungGen      total 126464K, used 0K [0x00000000eab00000, 0x00000000f4e80000, 0x0000000100000000)
  eden space 97280K, 0% used [0x00000000eab00000,0x00000000eab00000,0x00000000f0a00000)
  from space 29184K, 0% used [0x00000000f0a00000,0x00000000f0a00000,0x00000000f2680000)
  to   space 28160K, 0% used [0x00000000f3300000,0x00000000f3300000,0x00000000f4e80000)
 ParOldGen       total 149504K, used 69203K [0x00000000c0000000, 0x00000000c9200000, 0x00000000eab00000)
  object space 149504K, 46% used [0x00000000c0000000,0x00000000c4394d60,0x00000000c9200000)
 Metaspace       used 80815K, capacity 84090K, committed 84632K, reserved 1122304K
  class space    used 10456K, capacity 11249K, committed 11440K, reserved 1048576K
}

